2020.12.23 18:27:46 INFO  Started: Metals version 0.9.8 in workspace 'C:\Users\lao8n\OneDrive\Documents\leet_algs' for client vscode.
2020.12.23 18:27:47 INFO  time: initialize in 0.52s
2020.12.23 18:27:47 WARN  Build server is not auto-connectable.
2020.12.23 18:27:47 WARN  no build tool detected in workspace 'C:\Users\lao8n\OneDrive\Documents\leet_algs'. The most common cause for this problem is that the editor was opened in the wrong working directory, for example if you use sbt then the workspace directory should contain build.sbt. 
2020.12.23 18:27:47 WARN  no build target for: C:\Users\lao8n\OneDrive\Documents\leet_algs\sort\quicksort\algorithms\quicksort.scala
2020.12.23 18:27:50 INFO  no build target: using presentation compiler with only scala-library
2020.12.23 18:31:00 WARN  no build target for: C:\Users\lao8n\OneDrive\Documents\leet_algs\sort\quicksort\algorithms\quicksort.scala
something's wrong: no file:///C:/Users/lao8n/OneDrive/Documents/leet_algs/sort/quicksort/algorithms/quicksort.scala in Array[<error>]RangePosition(file:///C:/Users/lao8n/OneDrive/Documents/leet_algs/sort/quicksort/algorithms/quicksort.scala, 45, 45, 60)
something's wrong: no file:///C:/Users/lao8n/OneDrive/Documents/leet_algs/sort/quicksort/algorithms/quicksort.scala in Array[Int]RangePosition(file:///C:/Users/lao8n/OneDrive/Documents/leet_algs/sort/quicksort/algorithms/quicksort.scala, 45, 45, 55)
something's wrong: no file:///C:/Users/lao8n/OneDrive/Documents/leet_algs/sort/quicksort/algorithms/quicksort.scala in Array[Int]RangePosition(file:///C:/Users/lao8n/OneDrive/Documents/leet_algs/sort/quicksort/algorithms/quicksort.scala, 45, 45, 55)
Dec 23, 2020 6:45:41 PM org.eclipse.lsp4j.jsonrpc.RemoteEndpoint handleCancellation
WARNING: Unmatched cancel notification for request id 441
2020.12.23 18:46:19 WARN  no build target for: C:\Users\lao8n\OneDrive\Documents\leet_algs\sort\quicksort\algorithms\quicksort.scala
something's wrong: no file:///C:/Users/lao8n/OneDrive/Documents/leet_algs/sort/quicksort/algorithms/quicksort.scala in Array[<error>]RangePosition(file:///C:/Users/lao8n/OneDrive/Documents/leet_algs/sort/quicksort/algorithms/quicksort.scala, 340, 340, 355)
something's wrong: no file:///C:/Users/lao8n/OneDrive/Documents/leet_algs/sort/quicksort/algorithms/quicksort.scala in Array[<error>]RangePosition(file:///C:/Users/lao8n/OneDrive/Documents/leet_algs/sort/quicksort/algorithms/quicksort.scala, 340, 340, 348)
something's wrong: no file:///C:/Users/lao8n/OneDrive/Documents/leet_algs/sort/quicksort/algorithms/quicksort.scala in Array[<error>]RangePosition(file:///C:/Users/lao8n/OneDrive/Documents/leet_algs/sort/quicksort/algorithms/quicksort.scala, 340, 340, 349)
something's wrong: no file:///C:/Users/lao8n/OneDrive/Documents/leet_algs/sort/quicksort/algorithms/quicksort.scala in Array[Int]RangePosition(file:///C:/Users/lao8n/OneDrive/Documents/leet_algs/sort/quicksort/algorithms/quicksort.scala, 340, 340, 350)
something's wrong: no file:///C:/Users/lao8n/OneDrive/Documents/leet_algs/sort/quicksort/algorithms/quicksort.scala in Array[Int]RangePosition(file:///C:/Users/lao8n/OneDrive/Documents/leet_algs/sort/quicksort/algorithms/quicksort.scala, 340, 340, 350)
something's wrong: no file:///C:/Users/lao8n/OneDrive/Documents/leet_algs/sort/quicksort/algorithms/quicksort.scala in Array[Int]RangePosition(file:///C:/Users/lao8n/OneDrive/Documents/leet_algs/sort/quicksort/algorithms/quicksort.scala, 340, 340, 350)
2020.12.23 18:48:31 WARN  no build target for: C:\Users\lao8n\OneDrive\Documents\leet_algs\sort\quicksort\algorithms\quicksort.scala
something's wrong: no file:///C:/Users/lao8n/OneDrive/Documents/leet_algs/sort/quicksort/algorithms/quicksort.scala in Array[<error>]RangePosition(file:///C:/Users/lao8n/OneDrive/Documents/leet_algs/sort/quicksort/algorithms/quicksort.scala, 470, 470, 485)
something's wrong: no file:///C:/Users/lao8n/OneDrive/Documents/leet_algs/sort/quicksort/algorithms/quicksort.scala in Array[<error>]RangePosition(file:///C:/Users/lao8n/OneDrive/Documents/leet_algs/sort/quicksort/algorithms/quicksort.scala, 470, 470, 478)
something's wrong: no file:///C:/Users/lao8n/OneDrive/Documents/leet_algs/sort/quicksort/algorithms/quicksort.scala in Array[Int]RangePosition(file:///C:/Users/lao8n/OneDrive/Documents/leet_algs/sort/quicksort/algorithms/quicksort.scala, 470, 470, 480)
something's wrong: no file:///C:/Users/lao8n/OneDrive/Documents/leet_algs/sort/quicksort/algorithms/quicksort.scala in Array[Int]RangePosition(file:///C:/Users/lao8n/OneDrive/Documents/leet_algs/sort/quicksort/algorithms/quicksort.scala, 470, 470, 480)
something's wrong: no file:///C:/Users/lao8n/OneDrive/Documents/leet_algs/sort/quicksort/algorithms/quicksort.scala in Array[Int]RangePosition(file:///C:/Users/lao8n/OneDrive/Documents/leet_algs/sort/quicksort/algorithms/quicksort.scala, 470, 470, 480)
Dec 23, 2020 6:52:48 PM scala.meta.internal.pc.CompilerAccess handleError
SEVERE: String index out of range: -7
java.lang.StringIndexOutOfBoundsException: String index out of range: -7
	at java.lang.String.<init>(String.java:196)
	at scala.tools.nsc.interactive.Global.typeCompletions$1(Global.scala:1230)
	at scala.tools.nsc.interactive.Global.completionsAt(Global.scala:1253)
	at scala.meta.internal.pc.SignatureHelpProvider.$anonfun$treeSymbol$1(SignatureHelpProvider.scala:375)
	at scala.Option.map(Option.scala:230)
	at scala.meta.internal.pc.SignatureHelpProvider.treeSymbol(SignatureHelpProvider.scala:373)
	at scala.meta.internal.pc.SignatureHelpProvider$MethodCall$.unapply(SignatureHelpProvider.scala:198)
	at scala.meta.internal.pc.SignatureHelpProvider$MethodCallTraverser.visit(SignatureHelpProvider.scala:309)
	at scala.meta.internal.pc.SignatureHelpProvider$MethodCallTraverser.traverse(SignatureHelpProvider.scala:303)
	at scala.meta.internal.pc.SignatureHelpProvider$MethodCallTraverser.$anonfun$visit$5(SignatureHelpProvider.scala:339)
	at scala.meta.internal.pc.SignatureHelpProvider$MethodCallTraverser.$anonfun$visit$5$adapted(SignatureHelpProvider.scala:316)
	at scala.collection.TraversableLike$WithFilter.$anonfun$foreach$1(TraversableLike.scala:924)
	at scala.collection.immutable.List.foreach(List.scala:431)
	at scala.collection.TraversableLike$WithFilter.foreach(TraversableLike.scala:923)
	at scala.meta.internal.pc.SignatureHelpProvider$MethodCallTraverser.$anonfun$visit$3(SignatureHelpProvider.scala:316)
	at scala.meta.internal.pc.SignatureHelpProvider$MethodCallTraverser.$anonfun$visit$3$adapted(SignatureHelpProvider.scala:315)
	at scala.collection.TraversableLike$WithFilter.$anonfun$foreach$1(TraversableLike.scala:924)
	at scala.collection.immutable.List.foreach(List.scala:431)
	at scala.collection.TraversableLike$WithFilter.foreach(TraversableLike.scala:923)
	at scala.meta.internal.pc.SignatureHelpProvider$MethodCallTraverser.visit(SignatureHelpProvider.scala:315)
	at scala.meta.internal.pc.SignatureHelpProvider$MethodCallTraverser.traverse(SignatureHelpProvider.scala:303)
	at scala.meta.internal.pc.SignatureHelpProvider$MethodCallTraverser.fromTree(SignatureHelpProvider.scala:272)
	at scala.meta.internal.pc.SignatureHelpProvider.signatureHelp(SignatureHelpProvider.scala:27)

Dec 23, 2020 6:52:48 PM scala.meta.internal.pc.CompilerAccess handleError
SEVERE: String index out of range: -10
java.lang.StringIndexOutOfBoundsException: String index out of range: -10
	at java.lang.String.<init>(String.java:196)
	at scala.tools.nsc.interactive.Global.typeCompletions$1(Global.scala:1230)
	at scala.tools.nsc.interactive.Global.completionsAt(Global.scala:1253)
	at scala.meta.internal.pc.SignatureHelpProvider.$anonfun$treeSymbol$1(SignatureHelpProvider.scala:375)
	at scala.Option.map(Option.scala:230)
	at scala.meta.internal.pc.SignatureHelpProvider.treeSymbol(SignatureHelpProvider.scala:373)
	at scala.meta.internal.pc.SignatureHelpProvider$MethodCall$.unapply(SignatureHelpProvider.scala:198)
	at scala.meta.internal.pc.SignatureHelpProvider$MethodCallTraverser.visit(SignatureHelpProvider.scala:309)
	at scala.meta.internal.pc.SignatureHelpProvider$MethodCallTraverser.traverse(SignatureHelpProvider.scala:303)
	at scala.meta.internal.pc.SignatureHelpProvider$MethodCallTraverser.$anonfun$visit$5(SignatureHelpProvider.scala:339)
	at scala.meta.internal.pc.SignatureHelpProvider$MethodCallTraverser.$anonfun$visit$5$adapted(SignatureHelpProvider.scala:316)
	at scala.collection.TraversableLike$WithFilter.$anonfun$foreach$1(TraversableLike.scala:924)
	at scala.collection.immutable.List.foreach(List.scala:431)
	at scala.collection.TraversableLike$WithFilter.foreach(TraversableLike.scala:923)
	at scala.meta.internal.pc.SignatureHelpProvider$MethodCallTraverser.$anonfun$visit$3(SignatureHelpProvider.scala:316)
	at scala.meta.internal.pc.SignatureHelpProvider$MethodCallTraverser.$anonfun$visit$3$adapted(SignatureHelpProvider.scala:315)
	at scala.collection.TraversableLike$WithFilter.$anonfun$foreach$1(TraversableLike.scala:924)
	at scala.collection.immutable.List.foreach(List.scala:431)
	at scala.collection.TraversableLike$WithFilter.foreach(TraversableLike.scala:923)
	at scala.meta.internal.pc.SignatureHelpProvider$MethodCallTraverser.visit(SignatureHelpProvider.scala:315)
	at scala.meta.internal.pc.SignatureHelpProvider$MethodCallTraverser.traverse(SignatureHelpProvider.scala:303)
	at scala.meta.internal.pc.SignatureHelpProvider$MethodCallTraverser.fromTree(SignatureHelpProvider.scala:272)
	at scala.meta.internal.pc.SignatureHelpProvider.signatureHelp(SignatureHelpProvider.scala:27)

2020.12.23 18:53:09 WARN  no build target for: C:\Users\lao8n\OneDrive\Documents\leet_algs\sort\quicksort\algorithms\quicksort.scala
2020.12.23 18:55:16 WARN  no build target for: C:\Users\lao8n\OneDrive\Documents\leet_algs\sort\quicksort\algorithms\quicksort.scala
2020.12.23 18:57:08 WARN  no build tool detected in workspace 'C:\Users\lao8n\OneDrive\Documents\leet_algs'. The most common cause for this problem is that the editor was opened in the wrong working directory, for example if you use sbt then the workspace directory should contain build.sbt. 
2020.12.23 18:57:08 WARN  no build target for: C:\Users\lao8n\OneDrive\Documents\leet_algs\sort\quicksort\algorithms\quicksort.scala
2020.12.23 18:58:32 WARN  no build target for: C:\Users\lao8n\OneDrive\Documents\leet_algs\sort\quicksort\algorithms\quicksort.scala
2020.12.23 18:59:03 WARN  no build target for: C:\Users\lao8n\OneDrive\Documents\leet_algs\sort\quicksort\algorithms\quicksort.scala
something's wrong: no file:///C:/Users/lao8n/OneDrive/Documents/leet_algs/sort/quicksort/algorithms/quicksort.scala in Array[<error>]RangePosition(file:///C:/Users/lao8n/OneDrive/Documents/leet_algs/sort/quicksort/algorithms/quicksort.scala, 791, 791, 806)
something's wrong: no file:///C:/Users/lao8n/OneDrive/Documents/leet_algs/sort/quicksort/algorithms/quicksort.scala in Array[<error>]RangePosition(file:///C:/Users/lao8n/OneDrive/Documents/leet_algs/sort/quicksort/algorithms/quicksort.scala, 791, 791, 799)
something's wrong: no file:///C:/Users/lao8n/OneDrive/Documents/leet_algs/sort/quicksort/algorithms/quicksort.scala in Array[Int]RangePosition(file:///C:/Users/lao8n/OneDrive/Documents/leet_algs/sort/quicksort/algorithms/quicksort.scala, 791, 791, 801)
something's wrong: no file:///C:/Users/lao8n/OneDrive/Documents/leet_algs/sort/quicksort/algorithms/quicksort.scala in Array[Int]RangePosition(file:///C:/Users/lao8n/OneDrive/Documents/leet_algs/sort/quicksort/algorithms/quicksort.scala, 791, 791, 801)
something's wrong: no file:///C:/Users/lao8n/OneDrive/Documents/leet_algs/sort/quicksort/algorithms/quicksort.scala in Array[Int]RangePosition(file:///C:/Users/lao8n/OneDrive/Documents/leet_algs/sort/quicksort/algorithms/quicksort.scala, 791, 791, 801)
2020.12.23 19:06:40 WARN  no build tool detected in workspace 'C:\Users\lao8n\OneDrive\Documents\leet_algs'. The most common cause for this problem is that the editor was opened in the wrong working directory, for example if you use sbt then the workspace directory should contain build.sbt. 
2020.12.23 19:07:21 WARN  no build target for: C:\Users\lao8n\OneDrive\Documents\leet_algs\sort\quicksort\algorithms\quicksort.scala
2020.12.23 19:08:41 WARN  no build target for: C:\Users\lao8n\OneDrive\Documents\leet_algs\sort\quicksort\algorithms\quicksort.scala
2020.12.23 19:10:09 WARN  no build target for: C:\Users\lao8n\OneDrive\Documents\leet_algs\sort\quicksort\algorithms\quicksort.scala
2020.12.23 19:10:48 WARN  no build target for: C:\Users\lao8n\OneDrive\Documents\leet_algs\sort\quicksort\algorithms\quicksort.scala
2020.12.23 19:10:52 WARN  no build target for: C:\Users\lao8n\OneDrive\Documents\leet_algs\sort\quicksort\algorithms\quicksort.scala
Dec 23, 2020 7:11:57 PM scala.meta.internal.pc.CompilerAccess retryWithCleanCompiler
INFO: compiler crashed due to an error in the Scala compiler, retrying with new compiler instance.
Dec 23, 2020 7:11:57 PM scala.meta.internal.pc.CompilerAccess handleError
SEVERE: null
java.lang.NullPointerException
	at scala.reflect.internal.Definitions$DefinitionsClass.isByNameParamType(Definitions.scala:417)
	at scala.reflect.internal.TreeInfo.isStableIdent(TreeInfo.scala:138)
	at scala.reflect.internal.TreeInfo.isStableIdentifier(TreeInfo.scala:113)
	at scala.reflect.internal.TreeInfo.isPath(TreeInfo.scala:102)
	at scala.reflect.internal.TreeInfo.admitsTypeSelection(TreeInfo.scala:156)
	at scala.tools.nsc.interactive.Global.stabilizedType(Global.scala:959)
	at scala.tools.nsc.interactive.Global.typedTreeAt(Global.scala:807)
	at scala.meta.internal.pc.HoverProvider.typedHoverTreeAt(HoverProvider.scala:239)
	at scala.meta.internal.pc.HoverProvider.hover(HoverProvider.scala:26)

2020.12.23 19:13:06 WARN  no build target for: C:\Users\lao8n\OneDrive\Documents\leet_algs\sort\quicksort\algorithms\quicksort.scala
2020.12.23 19:13:06 WARN  no build tool detected in workspace 'C:\Users\lao8n\OneDrive\Documents\leet_algs'. The most common cause for this problem is that the editor was opened in the wrong working directory, for example if you use sbt then the workspace directory should contain build.sbt. 
2020.12.23 19:13:06 WARN  no build tool detected in workspace 'C:\Users\lao8n\OneDrive\Documents\leet_algs'. The most common cause for this problem is that the editor was opened in the wrong working directory, for example if you use sbt then the workspace directory should contain build.sbt. 
2020.12.23 19:17:58 WARN  no build tool detected in workspace 'C:\Users\lao8n\OneDrive\Documents\leet_algs'. The most common cause for this problem is that the editor was opened in the wrong working directory, for example if you use sbt then the workspace directory should contain build.sbt. 
2020.12.23 19:17:58 WARN  no build target for: C:\Users\lao8n\OneDrive\Documents\leet_algs\sort\quicksort\algorithms\quicksort.scala
something's wrong: no file:///C:/Users/lao8n/OneDrive/Documents/leet_algs/sort/quicksort/algorithms/quicksort.scala in List[<error>]RangePosition(file:///C:/Users/lao8n/OneDrive/Documents/leet_algs/sort/quicksort/algorithms/quicksort.scala, 1132, 1132, 1146)
something's wrong: no file:///C:/Users/lao8n/OneDrive/Documents/leet_algs/sort/quicksort/algorithms/quicksort.scala in List[<error>]RangePosition(file:///C:/Users/lao8n/OneDrive/Documents/leet_algs/sort/quicksort/algorithms/quicksort.scala, 1132, 1132, 1139)
something's wrong: no file:///C:/Users/lao8n/OneDrive/Documents/leet_algs/sort/quicksort/algorithms/quicksort.scala in List[<error>]RangePosition(file:///C:/Users/lao8n/OneDrive/Documents/leet_algs/sort/quicksort/algorithms/quicksort.scala, 1132, 1132, 1140)
something's wrong: no file:///C:/Users/lao8n/OneDrive/Documents/leet_algs/sort/quicksort/algorithms/quicksort.scala in List[Int]RangePosition(file:///C:/Users/lao8n/OneDrive/Documents/leet_algs/sort/quicksort/algorithms/quicksort.scala, 1132, 1132, 1141)
something's wrong: no file:///C:/Users/lao8n/OneDrive/Documents/leet_algs/sort/quicksort/algorithms/quicksort.scala in List[Int]RangePosition(file:///C:/Users/lao8n/OneDrive/Documents/leet_algs/sort/quicksort/algorithms/quicksort.scala, 1132, 1132, 1141)
something's wrong: no file:///C:/Users/lao8n/OneDrive/Documents/leet_algs/sort/quicksort/algorithms/quicksort.scala in List[Int]RangePosition(file:///C:/Users/lao8n/OneDrive/Documents/leet_algs/sort/quicksort/algorithms/quicksort.scala, 1132, 1132, 1141)
Dec 23, 2020 7:23:40 PM org.eclipse.lsp4j.jsonrpc.RemoteEndpoint fallbackResponseError
SEVERE: Internal error: org.scalameta.invariants.InvariantFailedException: invariant failed:
when verifying scala.meta.classifiers.`package`.XtensionClassifiable[scala.meta.tokens.Token](ScalametaParser.this.token)(scala.meta.tokens.Token.classifiable[scala.meta.tokens.Token]).isNot[scala.meta.tokens.Token.KwCase](Token.this.KwCase.classifier[scala.meta.tokens.Token]).&&(org.scalameta.`package`.debug(ScalametaParser.this.token))
found that scala.meta.classifiers.`package`.XtensionClassifiable[scala.meta.tokens.Token](ScalametaParser.this.token)(scala.meta.tokens.Token.classifiable[scala.meta.tokens.Token]).isNot[scala.meta.tokens.Token.KwCase](Token.this.KwCase.classifier[scala.meta.tokens.Token]) is false
where ScalametaParser = scala.meta.internal.parsers.ScalametaParser@1d7d76e
where ScalametaParser.this.token = case
where Token = scala.meta.tokens.Token$@1db1bb2
java.util.concurrent.CompletionException: org.scalameta.invariants.InvariantFailedException: invariant failed:
when verifying scala.meta.classifiers.`package`.XtensionClassifiable[scala.meta.tokens.Token](ScalametaParser.this.token)(scala.meta.tokens.Token.classifiable[scala.meta.tokens.Token]).isNot[scala.meta.tokens.Token.KwCase](Token.this.KwCase.classifier[scala.meta.tokens.Token]).&&(org.scalameta.`package`.debug(ScalametaParser.this.token))
found that scala.meta.classifiers.`package`.XtensionClassifiable[scala.meta.tokens.Token](ScalametaParser.this.token)(scala.meta.tokens.Token.classifiable[scala.meta.tokens.Token]).isNot[scala.meta.tokens.Token.KwCase](Token.this.KwCase.classifier[scala.meta.tokens.Token]) is false
where ScalametaParser = scala.meta.internal.parsers.ScalametaParser@1d7d76e
where ScalametaParser.this.token = case
where Token = scala.meta.tokens.Token$@1db1bb2
	at java.util.concurrent.CompletableFuture.encodeThrowable(CompletableFuture.java:273)
	at java.util.concurrent.CompletableFuture.completeThrowable(CompletableFuture.java:280)
	at java.util.concurrent.CompletableFuture$AsyncSupply.run(CompletableFuture.java:1606)
	at java.util.concurrent.ThreadPoolExecutor.runWorker(ThreadPoolExecutor.java:1149)
	at java.util.concurrent.ThreadPoolExecutor$Worker.run(ThreadPoolExecutor.java:624)
	at java.lang.Thread.run(Thread.java:748)
Caused by: org.scalameta.invariants.InvariantFailedException: invariant failed:
when verifying scala.meta.classifiers.`package`.XtensionClassifiable[scala.meta.tokens.Token](ScalametaParser.this.token)(scala.meta.tokens.Token.classifiable[scala.meta.tokens.Token]).isNot[scala.meta.tokens.Token.KwCase](Token.this.KwCase.classifier[scala.meta.tokens.Token]).&&(org.scalameta.`package`.debug(ScalametaParser.this.token))
found that scala.meta.classifiers.`package`.XtensionClassifiable[scala.meta.tokens.Token](ScalametaParser.this.token)(scala.meta.tokens.Token.classifiable[scala.meta.tokens.Token]).isNot[scala.meta.tokens.Token.KwCase](Token.this.KwCase.classifier[scala.meta.tokens.Token]) is false
where ScalametaParser = scala.meta.internal.parsers.ScalametaParser@1d7d76e
where ScalametaParser.this.token = case
where Token = scala.meta.tokens.Token$@1db1bb2
	at org.scalameta.invariants.InvariantFailedException$.raise(Exceptions.scala:19)
	at scala.meta.internal.parsers.ScalametaParser.$anonfun$caseClause$1(ScalametaParser.scala:2851)
	at scala.meta.internal.parsers.ScalametaParser.atPos(ScalametaParser.scala:697)
	at scala.meta.internal.parsers.ScalametaParser.caseClause(ScalametaParser.scala:2850)
	at scala.meta.internal.parsers.ScalametaParser.caseClauses(ScalametaParser.scala:2891)
	at scala.meta.internal.parsers.ScalametaParser.$anonfun$matchClause$4(ScalametaParser.scala:2022)
	at scala.meta.internal.parsers.ScalametaParser.inBraces(ScalametaParser.scala:620)
	at scala.meta.internal.parsers.ScalametaParser.inBracesOrError(ScalametaParser.scala:627)
	at scala.meta.internal.parsers.ScalametaParser.inBracesOrNil(ScalametaParser.scala:642)
	at scala.meta.internal.parsers.ScalametaParser.$anonfun$matchClause$3(ScalametaParser.scala:2022)
	at scala.meta.internal.parsers.ScalametaParser.atPos(ScalametaParser.scala:697)
	at scala.meta.internal.parsers.ScalametaParser.matchClause(ScalametaParser.scala:2022)
	at scala.meta.internal.parsers.ScalametaParser.$anonfun$expr$1(ScalametaParser.scala:2199)
	at scala.meta.internal.parsers.ScalametaParser.atPos(ScalametaParser.scala:697)
	at scala.meta.internal.parsers.ScalametaParser.autoPos(ScalametaParser.scala:713)
	at scala.meta.internal.parsers.ScalametaParser.expr(ScalametaParser.scala:2064)
	at scala.meta.internal.parsers.ScalametaParser.$anonfun$blockStatSeq$2(ScalametaParser.scala:4688)
	at scala.meta.internal.parsers.ScalametaParser.stat(ScalametaParser.scala:4533)
	at scala.meta.internal.parsers.ScalametaParser.blockStatSeq(ScalametaParser.scala:4688)
	at scala.meta.internal.parsers.ScalametaParser.$anonfun$block$1(ScalametaParser.scala:2847)
	at scala.meta.internal.parsers.ScalametaParser.atPos(ScalametaParser.scala:697)
	at scala.meta.internal.parsers.ScalametaParser.autoPos(ScalametaParser.scala:713)
	at scala.meta.internal.parsers.ScalametaParser.block(ScalametaParser.scala:2840)
	at scala.meta.internal.parsers.ScalametaParser.blockOrCase$1(ScalametaParser.scala:2828)
	at scala.meta.internal.parsers.ScalametaParser.$anonfun$blockExpr$3(ScalametaParser.scala:2831)
	at scala.meta.internal.parsers.ScalametaParser.inBraces(ScalametaParser.scala:620)
	at scala.meta.internal.parsers.ScalametaParser.$anonfun$blockExpr$1(ScalametaParser.scala:2831)
	at scala.meta.internal.parsers.ScalametaParser.atPos(ScalametaParser.scala:697)
	at scala.meta.internal.parsers.ScalametaParser.autoPos(ScalametaParser.scala:713)
	at scala.meta.internal.parsers.ScalametaParser.blockExpr(ScalametaParser.scala:2824)
	at scala.meta.internal.parsers.ScalametaParser.$anonfun$simpleExpr0$1(ScalametaParser.scala:2647)
	at scala.meta.internal.parsers.ScalametaParser.atPosTry(ScalametaParser.scala:706)
	at scala.meta.internal.parsers.ScalametaParser.autoPosTry(ScalametaParser.scala:716)
	at scala.meta.internal.parsers.ScalametaParser.simpleExpr0(ScalametaParser.scala:2617)
	at scala.meta.internal.parsers.ScalametaParser.simpleExpr(ScalametaParser.scala:2615)
	at scala.meta.internal.parsers.ScalametaParser.prefixExpr(ScalametaParser.scala:2599)
	at scala.meta.internal.parsers.ScalametaParser.postfixExpr(ScalametaParser.scala:2579)
	at scala.meta.internal.parsers.ScalametaParser.$anonfun$expr$13(ScalametaParser.scala:2177)
	at scala.meta.internal.parsers.ScalametaParser.atPos(ScalametaParser.scala:697)
	at scala.meta.internal.parsers.ScalametaParser.autoPos(ScalametaParser.scala:713)
	at scala.meta.internal.parsers.ScalametaParser.$anonfun$expr$1(ScalametaParser.scala:2177)
	at scala.meta.internal.parsers.ScalametaParser.atPos(ScalametaParser.scala:697)
	at scala.meta.internal.parsers.ScalametaParser.autoPos(ScalametaParser.scala:713)
	at scala.meta.internal.parsers.ScalametaParser.expr(ScalametaParser.scala:2064)
	at scala.meta.internal.parsers.ScalametaParser.expr(ScalametaParser.scala:1974)
	at scala.meta.internal.parsers.ScalametaParser.$anonfun$expr$21(ScalametaParser.scala:2316)
	at scala.meta.internal.parsers.ScalametaParser.atPos(ScalametaParser.scala:697)
	at scala.meta.internal.parsers.ScalametaParser.$anonfun$expr$1(ScalametaParser.scala:2271)
	at scala.meta.internal.parsers.ScalametaParser.atPos(ScalametaParser.scala:697)
	at scala.meta.internal.parsers.ScalametaParser.autoPos(ScalametaParser.scala:713)
	at scala.meta.internal.parsers.ScalametaParser.expr(ScalametaParser.scala:2064)
	at scala.meta.internal.parsers.ScalametaParser.argumentExpr(ScalametaParser.scala:2794)
	at scala.meta.internal.parsers.ScalametaParser.$anonfun$argumentExprsWithUsing$3(ScalametaParser.scala:2810)
	at scala.meta.internal.parsers.ScalametaParser.partOrEllipsis$1(ScalametaParser.scala:1215)
	at scala.meta.internal.parsers.ScalametaParser.tokenSeparated(ScalametaParser.scala:1218)
	at scala.meta.internal.parsers.ScalametaParser.commaSeparated(ScalametaParser.scala:1227)
	at scala.meta.internal.parsers.ScalametaParser.$anonfun$argumentExprsWithUsing$1(ScalametaParser.scala:2810)
	at scala.meta.internal.parsers.ScalametaParser.inParens(ScalametaParser.scala:603)
	at scala.meta.internal.parsers.ScalametaParser.argumentExprsWithUsing(ScalametaParser.scala:2801)
	at scala.meta.internal.parsers.ScalametaParser.$anonfun$simpleExprRest$3(ScalametaParser.scala:2750)
	at scala.meta.internal.parsers.ScalametaParser.atPos(ScalametaParser.scala:697)
	at scala.meta.internal.parsers.ScalametaParser.$anonfun$simpleExprRest$1(ScalametaParser.scala:2750)
	at scala.meta.internal.parsers.ScalametaParser.atPos(ScalametaParser.scala:697)
	at scala.meta.internal.parsers.ScalametaParser.simpleExprRest(ScalametaParser.scala:2722)
	at scala.meta.internal.parsers.ScalametaParser.$anonfun$simpleExprRest$1(ScalametaParser.scala:2755)
	at scala.meta.internal.parsers.ScalametaParser.atPos(ScalametaParser.scala:697)
	at scala.meta.internal.parsers.ScalametaParser.simpleExprRest(ScalametaParser.scala:2722)
	at scala.meta.internal.parsers.ScalametaParser.$anonfun$simpleExpr0$5(ScalametaParser.scala:2668)
	at scala.util.Success.$anonfun$map$1(Try.scala:255)
	at scala.util.Success.map(Try.scala:213)
	at scala.meta.internal.parsers.ScalametaParser.$anonfun$simpleExpr0$1(ScalametaParser.scala:2668)
	at scala.meta.internal.parsers.ScalametaParser.atPosTry(ScalametaParser.scala:706)
	at scala.meta.internal.parsers.ScalametaParser.autoPosTry(ScalametaParser.scala:716)
	at scala.meta.internal.parsers.ScalametaParser.simpleExpr0(ScalametaParser.scala:2617)
	at scala.meta.internal.parsers.ScalametaParser.simpleExpr(ScalametaParser.scala:2615)
	at scala.meta.internal.parsers.ScalametaParser.prefixExpr(ScalametaParser.scala:2599)
	at scala.meta.internal.parsers.ScalametaParser.postfixExpr(ScalametaParser.scala:2579)
	at scala.meta.internal.parsers.ScalametaParser.$anonfun$expr$13(ScalametaParser.scala:2177)
	at scala.meta.internal.parsers.ScalametaParser.atPos(ScalametaParser.scala:697)
	at scala.meta.internal.parsers.ScalametaParser.autoPos(ScalametaParser.scala:713)
	at scala.meta.internal.parsers.ScalametaParser.$anonfun$expr$1(ScalametaParser.scala:2177)
	at scala.meta.internal.parsers.ScalametaParser.atPos(ScalametaParser.scala:697)
	at scala.meta.internal.parsers.ScalametaParser.autoPos(ScalametaParser.scala:713)
	at scala.meta.internal.parsers.ScalametaParser.expr(ScalametaParser.scala:2064)
	at scala.meta.internal.parsers.ScalametaParser.$anonfun$blockStatSeq$2(ScalametaParser.scala:4688)
	at scala.meta.internal.parsers.ScalametaParser.stat(ScalametaParser.scala:4533)
	at scala.meta.internal.parsers.ScalametaParser.blockStatSeq(ScalametaParser.scala:4688)
	at scala.meta.internal.parsers.ScalametaParser.$anonfun$block$1(ScalametaParser.scala:2847)
	at scala.meta.internal.parsers.ScalametaParser.atPos(ScalametaParser.scala:697)
	at scala.meta.internal.parsers.ScalametaParser.autoPos(ScalametaParser.scala:713)
	at scala.meta.internal.parsers.ScalametaParser.block(ScalametaParser.scala:2840)
	at scala.meta.internal.parsers.ScalametaParser.blockOrCase$1(ScalametaParser.scala:2828)
	at scala.meta.internal.parsers.ScalametaParser.$anonfun$blockExpr$3(ScalametaParser.scala:2831)
	at scala.meta.internal.parsers.ScalametaParser.inBraces(ScalametaParser.scala:620)
	at scala.meta.internal.parsers.ScalametaParser.$anonfun$blockExpr$1(ScalametaParser.scala:2831)
	at scala.meta.internal.parsers.ScalametaParser.atPos(ScalametaParser.scala:697)
	at scala.meta.internal.parsers.ScalametaParser.autoPos(ScalametaParser.scala:713)
	at scala.meta.internal.parsers.ScalametaParser.blockExpr(ScalametaParser.scala:2824)
	at scala.meta.internal.parsers.ScalametaParser.$anonfun$simpleExpr0$1(ScalametaParser.scala:2647)
	at scala.meta.internal.parsers.ScalametaParser.atPosTry(ScalametaParser.scala:706)
	at scala.meta.internal.parsers.ScalametaParser.autoPosTry(ScalametaParser.scala:716)
	at scala.meta.internal.parsers.ScalametaParser.simpleExpr0(ScalametaParser.scala:2617)
	at scala.meta.internal.parsers.ScalametaParser.simpleExpr(ScalametaParser.scala:2615)
	at scala.meta.internal.parsers.ScalametaParser.prefixExpr(ScalametaParser.scala:2599)
	at scala.meta.internal.parsers.ScalametaParser.postfixExpr(ScalametaParser.scala:2579)
	at scala.meta.internal.parsers.ScalametaParser.$anonfun$expr$13(ScalametaParser.scala:2177)
	at scala.meta.internal.parsers.ScalametaParser.atPos(ScalametaParser.scala:697)
	at scala.meta.internal.parsers.ScalametaParser.autoPos(ScalametaParser.scala:713)
	at scala.meta.internal.parsers.ScalametaParser.$anonfun$expr$1(ScalametaParser.scala:2177)
	at scala.meta.internal.parsers.ScalametaParser.atPos(ScalametaParser.scala:697)
	at scala.meta.internal.parsers.ScalametaParser.autoPos(ScalametaParser.scala:713)
	at scala.meta.internal.parsers.ScalametaParser.expr(ScalametaParser.scala:2064)
	at scala.meta.internal.parsers.ScalametaParser.expr(ScalametaParser.scala:1974)
	at scala.meta.internal.parsers.ScalametaParser.exprMaybeIndented(ScalametaParser.scala:2002)
	at scala.meta.internal.parsers.ScalametaParser.$anonfun$funDefRest$1(ScalametaParser.scala:4000)
	at scala.meta.internal.parsers.ScalametaParser.atPos(ScalametaParser.scala:697)
	at scala.meta.internal.parsers.ScalametaParser.funDefRest(ScalametaParser.scala:3942)
	at scala.meta.internal.parsers.ScalametaParser.funDefOrDclOrExtensionOrSecondaryCtor(ScalametaParser.scala:3894)
	at scala.meta.internal.parsers.ScalametaParser.defOrDclOrSecondaryCtor(ScalametaParser.scala:3782)
	at scala.meta.internal.parsers.ScalametaParser.localDef(ScalametaParser.scala:4657)
	at scala.meta.internal.parsers.ScalametaParser.blockStatSeq(ScalametaParser.scala:4684)
	at scala.meta.internal.parsers.ScalametaParser.$anonfun$block$1(ScalametaParser.scala:2847)
	at scala.meta.internal.parsers.ScalametaParser.atPos(ScalametaParser.scala:697)
	at scala.meta.internal.parsers.ScalametaParser.autoPos(ScalametaParser.scala:713)
	at scala.meta.internal.parsers.ScalametaParser.block(ScalametaParser.scala:2840)
	at scala.meta.internal.parsers.ScalametaParser.blockOrCase$1(ScalametaParser.scala:2828)
	at scala.meta.internal.parsers.ScalametaParser.$anonfun$blockExpr$3(ScalametaParser.scala:2831)
	at scala.meta.internal.parsers.ScalametaParser.inBraces(ScalametaParser.scala:620)
	at scala.meta.internal.parsers.ScalametaParser.$anonfun$blockExpr$1(ScalametaParser.scala:2831)
	at scala.meta.internal.parsers.ScalametaParser.atPos(ScalametaParser.scala:697)
	at scala.meta.internal.parsers.ScalametaParser.autoPos(ScalametaParser.scala:713)
	at scala.meta.internal.parsers.ScalametaParser.blockExpr(ScalametaParser.scala:2824)
	at scala.meta.internal.parsers.ScalametaParser.$anonfun$simpleExpr0$1(ScalametaParser.scala:2647)
	at scala.meta.internal.parsers.ScalametaParser.atPosTry(ScalametaParser.scala:706)
	at scala.meta.internal.parsers.ScalametaParser.autoPosTry(ScalametaParser.scala:716)
	at scala.meta.internal.parsers.ScalametaParser.simpleExpr0(ScalametaParser.scala:2617)
	at scala.meta.internal.parsers.ScalametaParser.simpleExpr(ScalametaParser.scala:2615)
	at scala.meta.internal.parsers.ScalametaParser.prefixExpr(ScalametaParser.scala:2599)
	at scala.meta.internal.parsers.ScalametaParser.postfixExpr(ScalametaParser.scala:2579)
	at scala.meta.internal.parsers.ScalametaParser.$anonfun$expr$13(ScalametaParser.scala:2177)
	at scala.meta.internal.parsers.ScalametaParser.atPos(ScalametaParser.scala:697)
	at scala.meta.internal.parsers.ScalametaParser.autoPos(ScalametaParser.scala:713)
	at scala.meta.internal.parsers.ScalametaParser.$anonfun$expr$1(ScalametaParser.scala:2177)
	at scala.meta.internal.parsers.ScalametaParser.atPos(ScalametaParser.scala:697)
	at scala.meta.internal.parsers.ScalametaParser.autoPos(ScalametaParser.scala:713)
	at scala.meta.internal.parsers.ScalametaParser.expr(ScalametaParser.scala:2064)
	at scala.meta.internal.parsers.ScalametaParser.expr(ScalametaParser.scala:1974)
	at scala.meta.internal.parsers.ScalametaParser.exprMaybeIndented(ScalametaParser.scala:2002)
	at scala.meta.internal.parsers.ScalametaParser.$anonfun$funDefRest$1(ScalametaParser.scala:4000)
	at scala.meta.internal.parsers.ScalametaParser.atPos(ScalametaParser.scala:697)
	at scala.meta.internal.parsers.ScalametaParser.funDefRest(ScalametaParser.scala:3942)
	at scala.meta.internal.parsers.ScalametaParser.funDefOrDclOrExtensionOrSecondaryCtor(ScalametaParser.scala:3894)
	at scala.meta.internal.parsers.ScalametaParser.defOrDclOrSecondaryCtor(ScalametaParser.scala:3782)
	at scala.meta.internal.parsers.ScalametaParser.nonLocalDefOrDcl(ScalametaParser.scala:3767)
	at scala.meta.internal.parsers.ScalametaParser$$anonfun$templateStat$1.applyOrElse(ScalametaParser.scala:4614)
	at scala.meta.internal.parsers.ScalametaParser$$anonfun$templateStat$1.applyOrElse(ScalametaParser.scala:4608)
	at scala.runtime.AbstractPartialFunction.apply(AbstractPartialFunction.scala:38)
	at scala.meta.internal.parsers.ScalametaParser.statSeq(ScalametaParser.scala:4552)
	at scala.meta.internal.parsers.ScalametaParser.templateStats(ScalametaParser.scala:4607)
	at scala.meta.internal.parsers.ScalametaParser.templateStatSeq(ScalametaParser.scala:4604)
	at scala.meta.internal.parsers.ScalametaParser.$anonfun$templateBody$1(ScalametaParser.scala:4461)
	at scala.meta.internal.parsers.ScalametaParser.inBraces(ScalametaParser.scala:620)
	at scala.meta.internal.parsers.ScalametaParser.templateBody(ScalametaParser.scala:4461)
	at scala.meta.internal.parsers.ScalametaParser.templateBodyOpt(ScalametaParser.scala:4466)
	at scala.meta.internal.parsers.ScalametaParser.templateOpt(ScalametaParser.scala:4454)
	at scala.meta.internal.parsers.ScalametaParser.$anonfun$objectDef$1(ScalametaParser.scala:4198)
	at scala.meta.internal.parsers.ScalametaParser.atPos(ScalametaParser.scala:697)
	at scala.meta.internal.parsers.ScalametaParser.objectDef(ScalametaParser.scala:4190)
	at scala.meta.internal.parsers.ScalametaParser.tmplDef(ScalametaParser.scala:4074)
	at scala.meta.internal.parsers.ScalametaParser.topLevelTmplDef(ScalametaParser.scala:4056)
	at scala.meta.internal.parsers.ScalametaParser$$anonfun$topStat$1.applyOrElse(ScalametaParser.scala:4574)
	at scala.meta.internal.parsers.ScalametaParser$$anonfun$topStat$1.applyOrElse(ScalametaParser.scala:4562)
	at scala.runtime.AbstractPartialFunction.apply(AbstractPartialFunction.scala:38)
	at scala.meta.internal.parsers.ScalametaParser.statSeq(ScalametaParser.scala:4552)
	at scala.meta.internal.parsers.ScalametaParser.topStatSeq(ScalametaParser.scala:4561)
	at scala.meta.internal.parsers.ScalametaParser.$anonfun$batchSource$1(ScalametaParser.scala:4773)
	at scala.meta.internal.parsers.ScalametaParser.atPos(ScalametaParser.scala:697)
	at scala.meta.internal.parsers.ScalametaParser.autoPos(ScalametaParser.scala:713)
	at scala.meta.internal.parsers.ScalametaParser.batchSource(ScalametaParser.scala:4739)
	at scala.meta.internal.parsers.ScalametaParser.$anonfun$source$1(ScalametaParser.scala:4722)
	at scala.meta.internal.parsers.ScalametaParser.atPos(ScalametaParser.scala:697)
	at scala.meta.internal.parsers.ScalametaParser.autoPos(ScalametaParser.scala:713)
	at scala.meta.internal.parsers.ScalametaParser.source(ScalametaParser.scala:4721)
	at scala.meta.internal.parsers.ScalametaParser.entrypointSource(ScalametaParser.scala:4727)
	at scala.meta.internal.parsers.ScalametaParser.$anonfun$parseSource$2(ScalametaParser.scala:144)
	at scala.meta.internal.parsers.ScalametaParser.parseRule(ScalametaParser.scala:54)
	at scala.meta.internal.parsers.ScalametaParser.parseSource(ScalametaParser.scala:144)
	at scala.meta.parsers.Parse$.$anonfun$parseSource$1(Parse.scala:29)
	at scala.meta.internal.parsers.ScalametaParser$$anon$254.apply(ScalametaParser.scala:4789)
	at scala.meta.parsers.Api$XtensionParseDialectInput.parse(Api.scala:25)
	at scala.meta.internal.metals.Trees.$anonfun$parse$1(Trees.scala:66)
	at scala.Option.map(Option.scala:230)
	at scala.meta.internal.metals.Trees.parse(Trees.scala:64)
	at scala.meta.internal.metals.Trees.didChange(Trees.scala:38)
	at scala.meta.internal.pc.ScalaPresentationCompiler.$anonfun$didChange$1(ScalaPresentationCompiler.scala:128)
	at java.util.concurrent.CompletableFuture$AsyncSupply.run(CompletableFuture.java:1604)
	... 3 more

Dec 23, 2020 7:24:02 PM scala.meta.internal.pc.CompilerAccess handleError
SEVERE: String index out of range: -6
java.lang.StringIndexOutOfBoundsException: String index out of range: -6
	at java.lang.String.<init>(String.java:196)
	at scala.tools.nsc.interactive.Global.typeCompletions$1(Global.scala:1230)
	at scala.tools.nsc.interactive.Global.completionsAt(Global.scala:1253)
	at scala.meta.internal.pc.SignatureHelpProvider.$anonfun$treeSymbol$1(SignatureHelpProvider.scala:375)
	at scala.Option.map(Option.scala:230)
	at scala.meta.internal.pc.SignatureHelpProvider.treeSymbol(SignatureHelpProvider.scala:373)
	at scala.meta.internal.pc.SignatureHelpProvider$MethodCall$.unapply(SignatureHelpProvider.scala:198)
	at scala.meta.internal.pc.SignatureHelpProvider$MethodCallTraverser.visit(SignatureHelpProvider.scala:309)
	at scala.meta.internal.pc.SignatureHelpProvider$MethodCallTraverser.traverse(SignatureHelpProvider.scala:303)
	at scala.meta.internal.pc.SignatureHelpProvider$MethodCallTraverser.traverse(SignatureHelpProvider.scala:268)
	at scala.reflect.internal.Trees.traverseComponents$1(Trees.scala:1303)
	at scala.reflect.internal.Trees.itraverse(Trees.scala:1394)
	at scala.reflect.internal.Trees.itraverse$(Trees.scala:1264)
	at scala.reflect.internal.SymbolTable.itraverse(SymbolTable.scala:28)
	at scala.reflect.internal.SymbolTable.itraverse(SymbolTable.scala:28)
	at scala.reflect.api.Trees$Traverser.traverse(Trees.scala:2483)
	at scala.meta.internal.pc.SignatureHelpProvider$MethodCallTraverser.visit(SignatureHelpProvider.scala:343)
	at scala.meta.internal.pc.SignatureHelpProvider$MethodCallTraverser.traverse(SignatureHelpProvider.scala:303)
	at scala.meta.internal.pc.SignatureHelpProvider$MethodCallTraverser.traverse(SignatureHelpProvider.scala:268)
	at scala.reflect.api.Trees$Traverser.$anonfun$traverseTrees$1(Trees.scala:2492)
	at scala.reflect.api.Trees$Traverser.traverseTrees(Trees.scala:2492)
	at scala.reflect.api.Trees$Traverser.traverseCases(Trees.scala:2495)
	at scala.reflect.internal.Trees.traverseComponents$1(Trees.scala:1329)
	at scala.reflect.internal.Trees.itraverse(Trees.scala:1394)
	at scala.reflect.internal.Trees.itraverse$(Trees.scala:1264)
	at scala.reflect.internal.SymbolTable.itraverse(SymbolTable.scala:28)
	at scala.reflect.internal.SymbolTable.itraverse(SymbolTable.scala:28)
	at scala.reflect.api.Trees$Traverser.traverse(Trees.scala:2483)
	at scala.meta.internal.pc.SignatureHelpProvider$MethodCallTraverser.visit(SignatureHelpProvider.scala:343)
	at scala.meta.internal.pc.SignatureHelpProvider$MethodCallTraverser.traverse(SignatureHelpProvider.scala:303)
	at scala.meta.internal.pc.SignatureHelpProvider$MethodCallTraverser.traverse(SignatureHelpProvider.scala:268)
	at scala.reflect.internal.Trees.traverseComponents$1(Trees.scala:1299)
	at scala.reflect.internal.Trees.itraverse(Trees.scala:1394)
	at scala.reflect.internal.Trees.itraverse$(Trees.scala:1264)
	at scala.reflect.internal.SymbolTable.itraverse(SymbolTable.scala:28)
	at scala.reflect.internal.SymbolTable.itraverse(SymbolTable.scala:28)
	at scala.reflect.api.Trees$Traverser.traverse(Trees.scala:2483)
	at scala.meta.internal.pc.SignatureHelpProvider$MethodCallTraverser.visit(SignatureHelpProvider.scala:343)
	at scala.meta.internal.pc.SignatureHelpProvider$MethodCallTraverser.traverse(SignatureHelpProvider.scala:303)
	at scala.meta.internal.pc.SignatureHelpProvider$MethodCallTraverser.traverse(SignatureHelpProvider.scala:268)
	at scala.reflect.internal.Trees.$anonfun$itraverse$3(Trees.scala:1393)
	at scala.reflect.api.Trees$Traverser.atOwner(Trees.scala:2515)
	at scala.reflect.internal.Trees.itraverse(Trees.scala:1393)
	at scala.reflect.internal.Trees.itraverse$(Trees.scala:1264)
	at scala.reflect.internal.SymbolTable.itraverse(SymbolTable.scala:28)
	at scala.reflect.internal.SymbolTable.itraverse(SymbolTable.scala:28)
	at scala.reflect.api.Trees$Traverser.traverse(Trees.scala:2483)
	at scala.meta.internal.pc.SignatureHelpProvider$MethodCallTraverser.visit(SignatureHelpProvider.scala:343)
	at scala.meta.internal.pc.SignatureHelpProvider$MethodCallTraverser.traverse(SignatureHelpProvider.scala:303)
	at scala.meta.internal.pc.SignatureHelpProvider$MethodCallTraverser.$anonfun$visit$5(SignatureHelpProvider.scala:339)
	at scala.meta.internal.pc.SignatureHelpProvider$MethodCallTraverser.$anonfun$visit$5$adapted(SignatureHelpProvider.scala:316)
	at scala.collection.TraversableLike$WithFilter.$anonfun$foreach$1(TraversableLike.scala:924)
	at scala.collection.immutable.List.foreach(List.scala:431)
	at scala.collection.TraversableLike$WithFilter.foreach(TraversableLike.scala:923)
	at scala.meta.internal.pc.SignatureHelpProvider$MethodCallTraverser.$anonfun$visit$3(SignatureHelpProvider.scala:316)
	at scala.meta.internal.pc.SignatureHelpProvider$MethodCallTraverser.$anonfun$visit$3$adapted(SignatureHelpProvider.scala:315)
	at scala.collection.TraversableLike$WithFilter.$anonfun$foreach$1(TraversableLike.scala:924)
	at scala.collection.immutable.List.foreach(List.scala:431)
	at scala.collection.TraversableLike$WithFilter.foreach(TraversableLike.scala:923)
	at scala.meta.internal.pc.SignatureHelpProvider$MethodCallTraverser.visit(SignatureHelpProvider.scala:315)
	at scala.meta.internal.pc.SignatureHelpProvider$MethodCallTraverser.traverse(SignatureHelpProvider.scala:303)
	at scala.meta.internal.pc.SignatureHelpProvider$MethodCallTraverser.fromTree(SignatureHelpProvider.scala:272)
	at scala.meta.internal.pc.SignatureHelpProvider.signatureHelp(SignatureHelpProvider.scala:27)

2020.12.23 19:25:07 WARN  no build target for: C:\Users\lao8n\OneDrive\Documents\leet_algs\sort\quicksort\algorithms\quicksort.scala
2020.12.23 19:33:14 WARN  no build target for: C:\Users\lao8n\OneDrive\Documents\leet_algs\sort\quicksort\algorithms\quicksort.scala
2020.12.23 19:36:08 WARN  no build target for: C:\Users\lao8n\OneDrive\Documents\leet_algs\sort\quicksort\algorithms\quicksort.scala
2020.12.23 19:36:18 WARN  no build tool detected in workspace 'C:\Users\lao8n\OneDrive\Documents\leet_algs'. The most common cause for this problem is that the editor was opened in the wrong working directory, for example if you use sbt then the workspace directory should contain build.sbt. 
2020.12.23 19:36:18 WARN  no build tool detected in workspace 'C:\Users\lao8n\OneDrive\Documents\leet_algs'. The most common cause for this problem is that the editor was opened in the wrong working directory, for example if you use sbt then the workspace directory should contain build.sbt. 
2020.12.23 19:36:18 WARN  no build tool detected in workspace 'C:\Users\lao8n\OneDrive\Documents\leet_algs'. The most common cause for this problem is that the editor was opened in the wrong working directory, for example if you use sbt then the workspace directory should contain build.sbt. 
2020.12.23 19:36:19 WARN  no build target for: C:\Users\lao8n\OneDrive\Documents\leet_algs\sort\quicksort\algorithms\quicksort.scala
2020.12.23 19:39:22 WARN  no build target for: C:\Users\lao8n\OneDrive\Documents\leet_algs\sort\quicksort\algorithms\quicksort.scala
2020.12.23 19:39:30 WARN  no build target for: C:\Users\lao8n\OneDrive\Documents\leet_algs\sort\quicksort\algorithms\quicksort.scala
something's wrong: no file:///C:/Users/lao8n/OneDrive/Documents/leet_algs/sort/quicksort/algorithms/quicksort.scala in List[<error>]RangePosition(file:///C:/Users/lao8n/OneDrive/Documents/leet_algs/sort/quicksort/algorithms/quicksort.scala, 1017, 1017, 1024)
2020.12.23 19:45:09 WARN  no build target for: C:\Users\lao8n\OneDrive\Documents\leet_algs\sort\quicksort\algorithms\quicksort.scala
2020.12.23 19:45:54 WARN  no build tool detected in workspace 'C:\Users\lao8n\OneDrive\Documents\leet_algs'. The most common cause for this problem is that the editor was opened in the wrong working directory, for example if you use sbt then the workspace directory should contain build.sbt. 
2020.12.23 19:45:54 WARN  no build target for: C:\Users\lao8n\OneDrive\Documents\leet_algs\sort\quicksort\algorithms\quicksort.scala
2020.12.23 19:46:52 WARN  no build tool detected in workspace 'C:\Users\lao8n\OneDrive\Documents\leet_algs'. The most common cause for this problem is that the editor was opened in the wrong working directory, for example if you use sbt then the workspace directory should contain build.sbt. 
2020.12.23 19:46:52 WARN  no build tool detected in workspace 'C:\Users\lao8n\OneDrive\Documents\leet_algs'. The most common cause for this problem is that the editor was opened in the wrong working directory, for example if you use sbt then the workspace directory should contain build.sbt. 
2020.12.23 19:47:09 WARN  no build target for: C:\Users\lao8n\OneDrive\Documents\leet_algs\sort\quicksort\algorithms\quicksort.scala
2020.12.23 19:47:27 WARN  no build target for: C:\Users\lao8n\OneDrive\Documents\leet_algs\sort\quicksort\algorithms\quicksort.scala
2020.12.23 19:48:34 WARN  no build target for: C:\Users\lao8n\OneDrive\Documents\leet_algs\sort\quicksort\algorithms\quicksort.scala
something's wrong: no file:///C:/Users/lao8n/OneDrive/Documents/leet_algs/sort/quicksort/algorithms/quicksort.scala in List[<error>]RangePosition(file:///C:/Users/lao8n/OneDrive/Documents/leet_algs/sort/quicksort/algorithms/quicksort.scala, 2761, 2761, 2775)
something's wrong: no file:///C:/Users/lao8n/OneDrive/Documents/leet_algs/sort/quicksort/algorithms/quicksort.scala in List[<error>]RangePosition(file:///C:/Users/lao8n/OneDrive/Documents/leet_algs/sort/quicksort/algorithms/quicksort.scala, 2761, 2761, 2768)
something's wrong: no file:///C:/Users/lao8n/OneDrive/Documents/leet_algs/sort/quicksort/algorithms/quicksort.scala in List[<error>]RangePosition(file:///C:/Users/lao8n/OneDrive/Documents/leet_algs/sort/quicksort/algorithms/quicksort.scala, 2761, 2761, 2768)
something's wrong: no file:///C:/Users/lao8n/OneDrive/Documents/leet_algs/sort/quicksort/algorithms/quicksort.scala in List[<error>]RangePosition(file:///C:/Users/lao8n/OneDrive/Documents/leet_algs/sort/quicksort/algorithms/quicksort.scala, 2761, 2761, 2768)
2020.12.23 19:51:13 WARN  no build target for: C:\Users\lao8n\OneDrive\Documents\leet_algs\sort\quicksort\algorithms\quicksort.scala
2020.12.23 19:53:53 WARN  no build target for: C:\Users\lao8n\OneDrive\Documents\leet_algs\sort\quicksort\algorithms\quicksort.scala
Dec 23, 2020 7:54:14 PM org.eclipse.lsp4j.jsonrpc.RemoteEndpoint handleCancellation
WARNING: Unmatched cancel notification for request id 5293
2020.12.23 19:54:41 WARN  no build tool detected in workspace 'C:\Users\lao8n\OneDrive\Documents\leet_algs'. The most common cause for this problem is that the editor was opened in the wrong working directory, for example if you use sbt then the workspace directory should contain build.sbt. 
2020.12.23 19:54:44 WARN  no build tool detected in workspace 'C:\Users\lao8n\OneDrive\Documents\leet_algs'. The most common cause for this problem is that the editor was opened in the wrong working directory, for example if you use sbt then the workspace directory should contain build.sbt. 
2020.12.23 19:54:57 WARN  no build target for: C:\Users\lao8n\OneDrive\Documents\leet_algs\sort\quicksort\algorithms\quicksort.scala
something's wrong: no file:///C:/Users/lao8n/OneDrive/Documents/leet_algs/sort/quicksort/algorithms/quicksort.scala in List[<error>]RangePosition(file:///C:/Users/lao8n/OneDrive/Documents/leet_algs/sort/quicksort/algorithms/quicksort.scala, 3438, 3438, 3452)
something's wrong: no file:///C:/Users/lao8n/OneDrive/Documents/leet_algs/sort/quicksort/algorithms/quicksort.scala in List[<error>]RangePosition(file:///C:/Users/lao8n/OneDrive/Documents/leet_algs/sort/quicksort/algorithms/quicksort.scala, 3438, 3438, 3454)
something's wrong: no file:///C:/Users/lao8n/OneDrive/Documents/leet_algs/sort/quicksort/algorithms/quicksort.scala in List[<error>]RangePosition(file:///C:/Users/lao8n/OneDrive/Documents/leet_algs/sort/quicksort/algorithms/quicksort.scala, 3438, 3438, 3447)
something's wrong: no file:///C:/Users/lao8n/OneDrive/Documents/leet_algs/sort/quicksort/algorithms/quicksort.scala in (<error>, <error>)RangePosition(file:///C:/Users/lao8n/OneDrive/Documents/leet_algs/sort/quicksort/algorithms/quicksort.scala, 3443, 3443, 3456)
2020.12.23 19:58:27 WARN  no build target for: C:\Users\lao8n\OneDrive\Documents\leet_algs\sort\quicksort\algorithms\quicksort.scala
2020.12.23 19:59:25 WARN  no build target for: C:\Users\lao8n\OneDrive\Documents\leet_algs\sort\quicksort\algorithms\quicksort.scala
2020.12.23 19:59:26 WARN  no build target for: C:\Users\lao8n\OneDrive\Documents\leet_algs\sort\quicksort\algorithms\quicksort.scala
2020.12.23 19:59:29 WARN  no build target for: C:\Users\lao8n\OneDrive\Documents\leet_algs\sort\quicksort\algorithms\quicksort.scala
2020.12.23 20:00:44 WARN  no build target for: C:\Users\lao8n\OneDrive\Documents\leet_algs\sort\quicksort\algorithms\quicksort.scala
2020.12.23 20:01:50 WARN  no build target for: C:\Users\lao8n\OneDrive\Documents\leet_algs\sort\quicksort\algorithms\quicksort.scala
2020.12.24 01:00:59 INFO  shutting down Metals
2020.12.24 14:25:01 INFO  Started: Metals version 0.9.8 in workspace 'C:\Users\lao8n\OneDrive\Documents\leet_algs' for client vscode.
2020.12.24 14:25:02 INFO  time: initialize in 0.53s
2020.12.24 14:25:03 WARN  Build server is not auto-connectable.
2020.12.24 14:25:03 WARN  no build tool detected in workspace 'C:\Users\lao8n\OneDrive\Documents\leet_algs'. The most common cause for this problem is that the editor was opened in the wrong working directory, for example if you use sbt then the workspace directory should contain build.sbt. 
2020.12.24 14:25:03 WARN  no build target for: C:\Users\lao8n\OneDrive\Documents\leet_algs\sort\quicksort\algorithms\quicksort.scala
2020.12.24 14:25:06 INFO  no build target: using presentation compiler with only scala-library
2020.12.24 15:08:21 WARN  no build tool detected in workspace 'C:\Users\lao8n\OneDrive\Documents\leet_algs'. The most common cause for this problem is that the editor was opened in the wrong working directory, for example if you use sbt then the workspace directory should contain build.sbt. 
2020.12.24 15:08:21 WARN  no build tool detected in workspace 'C:\Users\lao8n\OneDrive\Documents\leet_algs'. The most common cause for this problem is that the editor was opened in the wrong working directory, for example if you use sbt then the workspace directory should contain build.sbt. 
2020.12.24 15:13:44 WARN  no build target for: C:\Users\lao8n\OneDrive\Documents\leet_algs\sort\quicksort\algorithms\quicksort.scala
something's wrong: no file:///C:/Users/lao8n/OneDrive/Documents/leet_algs/sort/quicksort/algorithms/quicksort.scala in Ordering[<error>]RangePosition(file:///C:/Users/lao8n/OneDrive/Documents/leet_algs/sort/quicksort/algorithms/quicksort.scala, 505, 505, 4110)
something's wrong: no file:///C:/Users/lao8n/OneDrive/Documents/leet_algs/sort/quicksort/algorithms/quicksort.scala in Ordering[<error>]RangePosition(file:///C:/Users/lao8n/OneDrive/Documents/leet_algs/sort/quicksort/algorithms/quicksort.scala, 505, 505, 522)
something's wrong: no file:///C:/Users/lao8n/OneDrive/Documents/leet_algs/sort/quicksort/algorithms/quicksort.scala in Ordering[<error>]RangePosition(file:///C:/Users/lao8n/OneDrive/Documents/leet_algs/sort/quicksort/algorithms/quicksort.scala, 505, 505, 515)
something's wrong: no file:///C:/Users/lao8n/OneDrive/Documents/leet_algs/sort/quicksort/algorithms/quicksort.scala in Ordering[<error>]RangePosition(file:///C:/Users/lao8n/OneDrive/Documents/leet_algs/sort/quicksort/algorithms/quicksort.scala, 505, 505, 516)
2020.12.24 15:16:14 WARN  no build target for: C:\Users\lao8n\OneDrive\Documents\leet_algs\sort\quicksort\algorithms\quicksort.scala
Dec 24, 2020 3:17:02 PM org.eclipse.lsp4j.jsonrpc.RemoteEndpoint handleCancellation
WARNING: Unmatched cancel notification for request id 162
2020.12.24 15:17:20 WARN  no build tool detected in workspace 'C:\Users\lao8n\OneDrive\Documents\leet_algs'. The most common cause for this problem is that the editor was opened in the wrong working directory, for example if you use sbt then the workspace directory should contain build.sbt. 
something's wrong: no file:///C:/Users/lao8n/OneDrive/Documents/leet_algs/sort/quicksort/algorithms/quicksort.scala in List[<error>]RangePosition(file:///C:/Users/lao8n/OneDrive/Documents/leet_algs/sort/quicksort/algorithms/quicksort.scala, 482, 482, 489)
2020.12.24 15:17:37 WARN  no build target for: C:\Users\lao8n\OneDrive\Documents\leet_algs\sort\quicksort\algorithms\quicksort.scala
2020.12.24 15:17:54 WARN  no build target for: C:\Users\lao8n\OneDrive\Documents\leet_algs\sort\quicksort\algorithms\quicksort.scala
2020.12.24 15:18:09 WARN  no build target for: C:\Users\lao8n\OneDrive\Documents\leet_algs\sort\quicksort\algorithms\quicksort.scala
2020.12.24 15:18:17 WARN  no build target for: C:\Users\lao8n\OneDrive\Documents\leet_algs\sort\quicksort\algorithms\quicksort.scala
2020.12.24 15:20:01 WARN  no build target for: C:\Users\lao8n\OneDrive\Documents\leet_algs\sort\quicksort\algorithms\quicksort.scala
2020.12.24 15:20:49 WARN  no build target for: C:\Users\lao8n\OneDrive\Documents\leet_algs\sort\quicksort\algorithms\quicksort.scala
2020.12.24 15:20:58 WARN  no build target for: C:\Users\lao8n\OneDrive\Documents\leet_algs\sort\quicksort\algorithms\quicksort.scala
something's wrong: no file:///C:/Users/lao8n/OneDrive/Documents/leet_algs/sort/quicksort/algorithms/quicksort.scala in List[<error>]RangePosition(file:///C:/Users/lao8n/OneDrive/Documents/leet_algs/sort/quicksort/algorithms/quicksort.scala, 1109, 1109, 1123)
something's wrong: no file:///C:/Users/lao8n/OneDrive/Documents/leet_algs/sort/quicksort/algorithms/quicksort.scala in List[<error>]RangePosition(file:///C:/Users/lao8n/OneDrive/Documents/leet_algs/sort/quicksort/algorithms/quicksort.scala, 1109, 1109, 1116)
something's wrong: no file:///C:/Users/lao8n/OneDrive/Documents/leet_algs/sort/quicksort/algorithms/quicksort.scala in List[<error>]RangePosition(file:///C:/Users/lao8n/OneDrive/Documents/leet_algs/sort/quicksort/algorithms/quicksort.scala, 1109, 1109, 1116)
something's wrong: no file:///C:/Users/lao8n/OneDrive/Documents/leet_algs/sort/quicksort/algorithms/quicksort.scala in List[<error>]RangePosition(file:///C:/Users/lao8n/OneDrive/Documents/leet_algs/sort/quicksort/algorithms/quicksort.scala, 1109, 1109, 1116)
something's wrong: no file:///C:/Users/lao8n/OneDrive/Documents/leet_algs/sort/quicksort/algorithms/quicksort.scala in Ordering[<error>]RangePosition(file:///C:/Users/lao8n/OneDrive/Documents/leet_algs/sort/quicksort/algorithms/quicksort.scala, 1135, 1135, 1153)
something's wrong: no file:///C:/Users/lao8n/OneDrive/Documents/leet_algs/sort/quicksort/algorithms/quicksort.scala in Ordering[T]RangePosition(file:///C:/Users/lao8n/OneDrive/Documents/leet_algs/sort/quicksort/algorithms/quicksort.scala, 1135, 1135, 1146)
something's wrong: no file:///C:/Users/lao8n/OneDrive/Documents/leet_algs/sort/quicksort/algorithms/quicksort.scala in Ordering[T]RangePosition(file:///C:/Users/lao8n/OneDrive/Documents/leet_algs/sort/quicksort/algorithms/quicksort.scala, 1135, 1135, 1146)
something's wrong: no file:///C:/Users/lao8n/OneDrive/Documents/leet_algs/sort/quicksort/algorithms/quicksort.scala in Ordering[T]RangePosition(file:///C:/Users/lao8n/OneDrive/Documents/leet_algs/sort/quicksort/algorithms/quicksort.scala, 1135, 1135, 1146)
2020.12.24 15:23:50 WARN  no build target for: C:\Users\lao8n\OneDrive\Documents\leet_algs\sort\quicksort\algorithms\quicksort.scala
2020.12.24 15:24:30 WARN  no build target for: C:\Users\lao8n\OneDrive\Documents\leet_algs\sort\quicksort\algorithms\quicksort.scala
2020.12.24 15:24:35 WARN  no build tool detected in workspace 'C:\Users\lao8n\OneDrive\Documents\leet_algs'. The most common cause for this problem is that the editor was opened in the wrong working directory, for example if you use sbt then the workspace directory should contain build.sbt. 
2020.12.24 15:24:35 WARN  no build tool detected in workspace 'C:\Users\lao8n\OneDrive\Documents\leet_algs'. The most common cause for this problem is that the editor was opened in the wrong working directory, for example if you use sbt then the workspace directory should contain build.sbt. 
2020.12.24 15:24:36 WARN  no build tool detected in workspace 'C:\Users\lao8n\OneDrive\Documents\leet_algs'. The most common cause for this problem is that the editor was opened in the wrong working directory, for example if you use sbt then the workspace directory should contain build.sbt. 
something's wrong: no file:///C:/Users/lao8n/OneDrive/Documents/leet_algs/sort/quicksort/algorithms/quicksort.scala in Ordered[<error>]RangePosition(file:///C:/Users/lao8n/OneDrive/Documents/leet_algs/sort/quicksort/algorithms/quicksort.scala, 1561, 1561, 1578)
something's wrong: no file:///C:/Users/lao8n/OneDrive/Documents/leet_algs/sort/quicksort/algorithms/quicksort.scala in Ordered[T]RangePosition(file:///C:/Users/lao8n/OneDrive/Documents/leet_algs/sort/quicksort/algorithms/quicksort.scala, 1561, 1561, 1571)
something's wrong: no file:///C:/Users/lao8n/OneDrive/Documents/leet_algs/sort/quicksort/algorithms/quicksort.scala in Ordered[T]RangePosition(file:///C:/Users/lao8n/OneDrive/Documents/leet_algs/sort/quicksort/algorithms/quicksort.scala, 1561, 1561, 1571)
something's wrong: no file:///C:/Users/lao8n/OneDrive/Documents/leet_algs/sort/quicksort/algorithms/quicksort.scala in Ordered[T]RangePosition(file:///C:/Users/lao8n/OneDrive/Documents/leet_algs/sort/quicksort/algorithms/quicksort.scala, 1561, 1561, 1571)
something's wrong: no file:///C:/Users/lao8n/OneDrive/Documents/leet_algs/sort/quicksort/algorithms/quicksort.scala in List[<error>]RangePosition(file:///C:/Users/lao8n/OneDrive/Documents/leet_algs/sort/quicksort/algorithms/quicksort.scala, 1577, 1577, 1591)
something's wrong: no file:///C:/Users/lao8n/OneDrive/Documents/leet_algs/sort/quicksort/algorithms/quicksort.scala in List[T]RangePosition(file:///C:/Users/lao8n/OneDrive/Documents/leet_algs/sort/quicksort/algorithms/quicksort.scala, 1577, 1577, 1584)
something's wrong: no file:///C:/Users/lao8n/OneDrive/Documents/leet_algs/sort/quicksort/algorithms/quicksort.scala in List[T]RangePosition(file:///C:/Users/lao8n/OneDrive/Documents/leet_algs/sort/quicksort/algorithms/quicksort.scala, 1577, 1577, 1584)
something's wrong: no file:///C:/Users/lao8n/OneDrive/Documents/leet_algs/sort/quicksort/algorithms/quicksort.scala in List[T]RangePosition(file:///C:/Users/lao8n/OneDrive/Documents/leet_algs/sort/quicksort/algorithms/quicksort.scala, 1577, 1577, 1584)
2020.12.24 15:25:23 WARN  no build target for: C:\Users\lao8n\OneDrive\Documents\leet_algs\sort\quicksort\algorithms\quicksort.scala
2020.12.24 15:26:12 WARN  no build tool detected in workspace 'C:\Users\lao8n\OneDrive\Documents\leet_algs'. The most common cause for this problem is that the editor was opened in the wrong working directory, for example if you use sbt then the workspace directory should contain build.sbt. 
2020.12.24 15:26:22 WARN  no build tool detected in workspace 'C:\Users\lao8n\OneDrive\Documents\leet_algs'. The most common cause for this problem is that the editor was opened in the wrong working directory, for example if you use sbt then the workspace directory should contain build.sbt. 
2020.12.24 15:26:22 WARN  no build tool detected in workspace 'C:\Users\lao8n\OneDrive\Documents\leet_algs'. The most common cause for this problem is that the editor was opened in the wrong working directory, for example if you use sbt then the workspace directory should contain build.sbt. 
2020.12.24 15:26:28 WARN  no build target for: C:\Users\lao8n\OneDrive\Documents\leet_algs\sort\quicksort\algorithms\quicksort.scala
2020.12.24 15:26:36 WARN  no build target for: C:\Users\lao8n\OneDrive\Documents\leet_algs\sort\quicksort\algorithms\quicksort.scala
2020.12.24 15:38:54 WARN  no build target for: C:\Users\lao8n\OneDrive\Documents\leet_algs\sort\quicksort\algorithms\quicksort.scala
2020.12.24 16:07:07 WARN  no build target for: C:\Users\lao8n\OneDrive\Documents\leet_algs\sort\quicksort\algorithms\quicksort.scala
2020.12.24 16:25:45 WARN  no build target for: C:\Users\lao8n\OneDrive\Documents\leet_algs\sort\quicksort\algorithms\quicksort.scala
2020.12.25 01:09:41 INFO  shutting down Metals
